<?xml version="1.0" encoding="UTF-8"?>
<testsuite name="com.example.macronews.config.WebClientAndMvcIntegrationTest" tests="1" skipped="0" failures="0" errors="0" timestamp="2026-03-09T09:00:00.886Z" hostname="DESKTOP-8J5CIDI" time="0.498">
  <properties/>
  <testcase name="contextLoadsWithWebClientAndMockMvc()" classname="com.example.macronews.config.WebClientAndMvcIntegrationTest" time="0.498"/>
  <system-out><![CDATA[2026-03-09 17:59:41.668 [INFO] AnnotationConfigContextLoaderUtils - Could not detect default configuration classes for test class [com.example.macronews.config.WebClientAndMvcIntegrationTest]: WebClientAndMvcIntegrationTest does not declare any static, non-private, non-final, nested classes annotated with @Configuration.
2026-03-09 17:59:41.839 [INFO] SpringBootTestContextBootstrapper - Found @SpringBootConfiguration com.example.macronews.MacroNewsApplication for test class com.example.macronews.config.WebClientAndMvcIntegrationTest

  .   ____          _            __ _ _
 /\\ / ___'_ __ _ _(_)_ __  __ _ \ \ \ \
( ( )\___ | '_ | '_| | '_ \/ _` | \ \ \ \
 \\/  ___)| |_)| | | | | || (_| |  ) ) ) )
  '  |____| .__|_| |_|_| |_\__, | / / / /
 =========|_|==============|___/=/_/_/_/

 :: Spring Boot ::       (v4.0.0-SNAPSHOT)

2026-03-09 17:59:42.106 [INFO] WebClientAndMvcIntegrationTest - Starting WebClientAndMvcIntegrationTest using Java 25.0.2 with PID 38084 (started by LG in C:\Users\LG\MyGoogleDrive\book_review)
2026-03-09 17:59:42.108 [DEBUG] WebClientAndMvcIntegrationTest - Running with Spring Boot v4.0.0-SNAPSHOT, Spring v7.0.1
2026-03-09 17:59:42.109 [INFO] WebClientAndMvcIntegrationTest - No active profile set, falling back to 1 default profile: "default"
2026-03-09 17:59:47.357 [INFO] EnableEncryptablePropertiesBeanFactoryPostProcessor - Post-processing PropertySource instances
2026-03-09 17:59:47.368 [INFO] EncryptablePropertySourceConverter - Converting PropertySource Annotations [org.springframework.boot.test.context.AnnotationsPropertySource] to EncryptableEnumerablePropertySourceWrapper
2026-03-09 17:59:47.370 [INFO] EncryptablePropertySourceConverter - Skipping PropertySource configurationProperties [class org.springframework.boot.context.properties.source.ConfigurationPropertySourcesPropertySource
2026-03-09 17:59:47.371 [INFO] EncryptablePropertySourceConverter - Converting PropertySource Inlined Test Properties [org.springframework.core.env.MapPropertySource] to EncryptableMapPropertySourceWrapper
2026-03-09 17:59:47.371 [INFO] EncryptablePropertySourceConverter - Skipping PropertySource servletConfigInitParams [class org.springframework.core.env.PropertySource$StubPropertySource
2026-03-09 17:59:47.371 [INFO] EncryptablePropertySourceConverter - Converting PropertySource servletContextInitParams [org.springframework.web.context.support.ServletContextPropertySource] to EncryptableEnumerablePropertySourceWrapper
2026-03-09 17:59:47.372 [INFO] EncryptablePropertySourceConverter - Converting PropertySource systemProperties [org.springframework.core.env.PropertiesPropertySource] to EncryptableMapPropertySourceWrapper
2026-03-09 17:59:47.374 [INFO] EncryptablePropertySourceConverter - Converting PropertySource systemEnvironment [org.springframework.boot.support.SystemEnvironmentPropertySourceEnvironmentPostProcessor$OriginAwareSystemEnvironmentPropertySource] to EncryptableSystemEnvironmentPropertySourceWrapper
2026-03-09 17:59:47.375 [INFO] EncryptablePropertySourceConverter - Converting PropertySource random [org.springframework.boot.env.RandomValuePropertySource] to EncryptablePropertySourceWrapper
2026-03-09 17:59:47.376 [INFO] EncryptablePropertySourceConverter - Converting PropertySource Config resource 'class path resource [application.yaml]' via location 'optional:classpath:/' [org.springframework.boot.env.OriginTrackedMapPropertySource] to EncryptableMapPropertySourceWrapper
2026-03-09 17:59:47.377 [INFO] EncryptablePropertySourceConverter - Converting PropertySource applicationInfo [org.springframework.boot.ApplicationInfoPropertySource] to EncryptableMapPropertySourceWrapper
2026-03-09 17:59:53.057 [INFO] DefaultLazyPropertyFilter - Property Filter custom Bean not found with name 'encryptablePropertyFilter'. Initializing Default Property Filter
2026-03-09 17:59:53.077 [INFO] DefaultLazyPropertyResolver - Property Resolver custom Bean not found with name 'encryptablePropertyResolver'. Initializing Default Property Resolver
2026-03-09 17:59:53.083 [INFO] DefaultLazyPropertyDetector - Property Detector custom Bean not found with name 'encryptablePropertyDetector'. Initializing Default Property Detector
2026-03-09 17:59:53.134 [INFO] DefaultLazyEncryptor - String Encryptor custom Bean not found with name 'jasyptStringEncryptor'. Initializing Default String Encryptor
2026-03-09 17:59:53.184 [INFO] StringEncryptorBuilder - Encryptor config not found for property jasypt.encryptor.algorithm, using default value: PBEWITHHMACSHA512ANDAES_256
2026-03-09 17:59:53.185 [INFO] StringEncryptorBuilder - Encryptor config not found for property jasypt.encryptor.key-obtention-iterations, using default value: 1000
2026-03-09 17:59:53.186 [INFO] StringEncryptorBuilder - Encryptor config not found for property jasypt.encryptor.pool-size, using default value: 1
2026-03-09 17:59:53.188 [INFO] StringEncryptorBuilder - Encryptor config not found for property jasypt.encryptor.provider-name, using default value: null
2026-03-09 17:59:53.189 [INFO] StringEncryptorBuilder - Encryptor config not found for property jasypt.encryptor.provider-class-name, using default value: null
2026-03-09 17:59:53.190 [INFO] StringEncryptorBuilder - Encryptor config not found for property jasypt.encryptor.salt-generator-classname, using default value: org.jasypt.salt.RandomSaltGenerator
2026-03-09 17:59:53.193 [INFO] StringEncryptorBuilder - Encryptor config not found for property jasypt.encryptor.iv-generator-classname, using default value: org.jasypt.iv.RandomIvGenerator
2026-03-09 17:59:53.196 [INFO] StringEncryptorBuilder - Encryptor config not found for property jasypt.encryptor.string-output-type, using default value: base64
2026-03-09 17:59:55.149 [WARN] InitializeUserDetailsBeanManagerConfigurer$InitializeUserDetailsManagerConfigurer - Global AuthenticationManager configured with an AuthenticationProvider bean. UserDetailsService beans will not be used by Spring Security for automatically configuring username/password login. Consider removing the AuthenticationProvider bean. Alternatively, consider using the UserDetailsService in a manually instantiated DaoAuthenticationProvider. If the current configuration is intentional, to turn off this warning, increase the logging level of 'org.springframework.security.config.annotation.authentication.configuration.InitializeUserDetailsBeanManagerConfigurer' to ERROR
2026-03-09 17:59:55.612 [INFO] SecurityConfig - Configuring SecurityFilterChain with authentication, CSRF protection, and role-based access control
2026-03-09 17:59:56.104 [DEBUG] SecurityConfig - SecurityFilterChain initialized: DefaultSecurityFilterChain matching [any request] and having filters [DisableEncodeUrl, WebAsyncManagerIntegration, SecurityContextHolder, HeaderWriter, Csrf, Logout, UsernamePasswordAuthentication, RequestCacheAware, SecurityContextHolderAwareRequest, AnonymousAuthentication, ExceptionTranslation, Authorization]
2026-03-09 17:59:59.891 [DEBUG] LogUuidFilter - Filter 'logUuidFilterRegistration' configured for use
2026-03-09 17:59:59.893 [INFO] SpringBootMockServletContext - Initializing Spring TestDispatcherServlet ''
2026-03-09 17:59:59.894 [INFO] TestDispatcherServlet - Initializing Servlet ''
2026-03-09 17:59:59.926 [INFO] EndpointLinksResolver - Exposing 1 endpoint beneath base path '/actuator'
2026-03-09 18:00:00.014 [INFO] TestDispatcherServlet - Completed initialization in 120 ms
2026-03-09 18:00:00.254 [INFO] WebClientAndMvcIntegrationTest - Started WebClientAndMvcIntegrationTest in 18.382 seconds (process running for 41.661)
2026-03-09 18:00:00.855 [DEBUG] DevDataInitializer - User 'admin' already exists; skipping creation.
2026-03-09 18:00:00.862 [DEBUG] DevDataInitializer - User 'user' already exists; skipping creation.
2026-03-09 18:00:01.313 [INFO] PageController [30de29c8-9dba-4791-86f8-d8d61f7d160e] [MVC] - Root path accessed, redirecting to /news
]]></system-out>
  <system-err><![CDATA[]]></system-err>
</testsuite>
