<?xml version="1.0" encoding="UTF-8"?>
<testsuite name="com.example.macronews.service.news.NewsApiServiceImplTest" tests="3" skipped="0" failures="0" errors="0" timestamp="2026-03-11T01:57:29.862Z" hostname="DESKTOP-8J5CIDI" time="10.132">
  <properties/>
  <testcase name="fetchTopHeadlines should encode the recent query before calling NewsAPI" classname="com.example.macronews.service.news.NewsApiServiceImplTest" time="9.963"/>
  <testcase name="fetchTopHeadlines should prefer fresh recent articles and exclude old ones" classname="com.example.macronews.service.news.NewsApiServiceImplTest" time="0.126"/>
  <testcase name="fetchTopHeadlines should merge recent search with top headlines when recent search underfills" classname="com.example.macronews.service.news.NewsApiServiceImplTest" time="0.021"/>
  <system-out><![CDATA[]]></system-out>
  <system-err><![CDATA[Mockito is currently self-attaching to enable the inline-mock-maker. This will no longer work in future releases of the JDK. Please add Mockito as an agent to your build as described in Mockito's documentation: https://javadoc.io/doc/org.mockito/mockito-core/latest/org.mockito/org/mockito/Mockito.html#0.3
WARNING: A Java agent has been loaded dynamically (C:\Users\LG\MyGoogleDrive\book_review\.gradle-user\caches\modules-2\files-2.1\net.bytebuddy\byte-buddy-agent\1.17.8\f09415827a71be7ed621c7bd02550678f28bc81c\byte-buddy-agent-1.17.8.jar)
WARNING: If a serviceability tool is in use, please run with -XX:+EnableDynamicAgentLoading to hide this warning
WARNING: If a serviceability tool is not in use, please run with -Djdk.instrument.traceUsage for more information
WARNING: Dynamic loading of agents will be disallowed by default in a future release
]]></system-err>
</testsuite>
